<?xml version="1.0" encoding="UTF-8"?>
<!-- Generated by org.testng.reporters.JUnitReportReporter -->
<testsuite hostname="WIN-GLF10487UOQ" failures="0" tests="1" name="com.sddevops.CWF_23003323.CWF" time="0.011" errors="0" timestamp="9 Aug 2023 18:03:57 GMT">
  <testcase classname="com.sddevops.CWF_23003323.CWF" name="f" time="0.011"/>
</testsuite> <!-- com.sddevops.CWF_23003323.CWF -->
